      DATE     PARTICULARS       CHQ.NO./REF.NO.   WITHDRAWALS   DEPOSITS        BALANCE
                                                                               667115.55Dr
  02-04-2025  TRF                                               100000.00      567115.55Dr
  03-04-2025  CASH                                              150000.00      417115.55Dr
  03-04-2025  IMPS/509312716679/
              POONAM DEV/PUNB001 509312716679         8000.00                  425115.55Dr
  03-04-2025  IMPS/509312716679/
              POONAM DEV/PUNB001 509312716679            5.00                  425120.55Dr
  03-04-2025  IMPS/509312716679/
              POONAM DEV/PUNB001 509312716679            0.90                  425121.45Dr
  03-04-2025  IMPS/509313725459/
              PRINCE (Ch/BARB0AG 509313725459         8000.00                  433121.45Dr
  03-04-2025  IMPS/509313725459/
              PRINCE (Ch/BARB0AG 509313725459            5.00                  433126.45Dr
  03-04-2025  IMPS/509313725459/
              PRINCE (Ch/BARB0AG 509313725459            0.90                  433127.35Dr
  04-04-2025  IMPS/509408837261/
              AMAN VERMA/SBIN001 509408837261        10000.00                  443127.35Dr
  04-04-2025  IMPS/509408837261/
              AMAN VERMA/SBIN001 509408837261            5.00                  443132.35Dr
  04-04-2025  IMPS/509408837261/
              AMAN VERMA/SBIN001 509408837261            0.90                  443133.25Dr
  04-04-2025  CHANDAN LEATHER LA
              ND                                                 10000.00      433133.25Dr
  07-04-2025  MBANK/509715345451
              /KASHISH GUPTA S/O 509715345451        53700.00                  486833.25Dr
  08-04-2025  IMPS/509810445850/
              POONAM DEV/PUNB001 509810445850        13000.00                  499833.25Dr
  08-04-2025  IMPS/509810445850/
              POONAM DEV/PUNB001 509810445850            5.00                  499838.25Dr
  08-04-2025  IMPS/509810445850/
              POONAM DEV/PUNB001 509810445850            0.90                  499839.15Dr
  08-04-2025  IMPS/509813483879/
              AMAN VERMA/SBIN001 509813483879        15000.00                  514839.15Dr
  08-04-2025  IMPS/509813483879/
              AMAN VERMA/SBIN001 509813483879            5.00                  514844.15Dr
  08-04-2025  IMPS/509813483879/
              AMAN VERMA/SBIN001 509813483879            0.90                  514845.05Dr
  08-04-2025  IMPS/509822569093/
              AJAY (agra/CNRB000 509822569093         8000.00                  522845.05Dr
  08-04-2025  IMPS/509822569093/
              AJAY (agra/CNRB000 509822569093            5.00                  522850.05Dr
  08-04-2025  IMPS/509822569093/
              AJAY (agra/CNRB000 509822569093            0.90                  522850.95Dr
  10-04-2025  TRTR/102932029905/
              AMAR SINGH/JAKA/XX JAKA0REHARI/                      500.00      522350.95Dr
  10-04-2025  IMPS/510017839506/
              AMAN VERMA/SBIN001 510017839506        15000.00                  537350.95Dr
  10-04-2025  IMPS/510017839506/
              AMAN VERMA/SBIN001 510017839506            5.00                  537355.95Dr
  10-04-2025  IMPS/510017839506/
              AMAN VERMA/SBIN001 510017839506            0.90                  537356.85Dr
  12-04-2025  IMPS/510214099824/
              AMAN VERMA/SBIN001 510214099824         2000.00                  539356.85Dr
  12-04-2025  IMPS/510214099824/
              AMAN VERMA/SBIN001 510214099824            5.00                  539361.85Dr
  12-04-2025  IMPS/510214099824/
              AMAN VERMA/SBIN001 510214099824            0.90                  539362.75Dr
  14-04-2025  IMPS/510411291076/
              SB SHOE TR/IBKL000 510411291076       100000.00                  639362.75Dr
  14-04-2025  IMPS/510411291076/
              SB SHOE TR/IBKL000 510411291076            5.00                  639367.75Dr
  14-04-2025  IMPS/510411291076/
              SB SHOE TR/IBKL000 510411291076            0.90                  639368.65Dr
  14-04-2025  IMPS/510415318794/
              POONAM DEV/PUNB001 510415318794        10000.00                  649368.65Dr
  14-04-2025  IMPS/510415318794/
              POONAM DEV/PUNB001 510415318794            5.00                  649373.65Dr
  14-04-2025  IMPS/510415318794/
              POONAM DEV/PUNB001 510415318794            0.90                  649374.55Dr
  15-04-2025  BHARAT BHUSHAN AND
               SONS                                               7000.00      642374.55Dr
  16-04-2025  IMPS/510600536977/
              POONAM DEV/PUNB001 510600536977         3000.00                  645374.55Dr
  16-04-2025  IMPS/510600536977/
              POONAM DEV/PUNB001 510600536977            5.00                  645379.55Dr
  16-04-2025  IMPS/510600536977/
              POONAM DEV/PUNB001 510600536977            0.90                  645380.45Dr
  16-04-2025  MBANK/510610559040
              /KASHISH GUPTA S/O 510610559040                    50000.00      595380.45Dr
  17-04-2025  BY CLG/ZN OB11/SET
                   8                                             12060.00      583320.45Dr
  17-04-2025  BY CLG/ZN OB11/SET
                   9                                             10000.00   573320.45Dr
  17-04-2025  R2                                                 42000.00      531320.45Dr
  17-04-2025  CASH                                              250000.00      281320.45Dr
  17-04-2025  IMPS/510717770438/
              AMAN VERMA/SBIN001 510717770438         8000.00                  289320.45Dr
  17-04-2025  IMPS/510717770438/
              AMAN VERMA/SBIN001 510717770438            5.00                  289325.45Dr
  17-04-2025  IMPS/510717770438/
              AMAN VERMA/SBIN001 510717770438            0.90                  289326.35Dr
  18-04-2025  TRTR/510841413953/
              RAVI KANT SHARM/JA JAKA0ESTATE/                     3800.00      285526.35Dr
  19-04-2025  IMPS/510916053687/
              AMAN VERMA/SBIN001 510916053687        10000.00                  295526.35Dr
  19-04-2025  IMPS/510916053687/
              AMAN VERMA/SBIN001 510916053687            5.00                  295531.35Dr
  19-04-2025  IMPS/510916053687/
              AMAN VERMA/SBIN001 510916053687            0.90                  295532.25Dr
  20-04-2025  IMPS/511018176489/
              POONAM DEV/PUNB001 511018176489         3000.00                  298532.25Dr
  20-04-2025  IMPS/511018176489/
              POONAM DEV/PUNB001 511018176489            5.00                  298537.25Dr
  20-04-2025  IMPS/511018176489/
              POONAM DEV/PUNB001 511018176489            0.90                  298538.15Dr
  21-04-2025  IMPS/511115291949/
              AMAN VERMA/SBIN001 511115291949        10000.00                  308538.15Dr
  21-04-2025  IMPS/511115291949/
              AMAN VERMA/SBIN001 511115291949            5.00                  308543.15Dr
  21-04-2025  IMPS/511115291949/
              AMAN VERMA/SBIN001 511115291949            0.90                  308544.05Dr
  21-04-2025  IMPS/511121345954/
              PRINCE (Ch/BARB0AG 511121345954         9600.00                  318144.05Dr
  21-04-2025  IMPS/511121345954/
              PRINCE (Ch/BARB0AG 511121345954            5.00                  318149.05Dr
  21-04-2025  IMPS/511121345954/
              PRINCE (Ch/BARB0AG 511121345954            0.90                  318149.95Dr
  22-04-2025  IMPS/511218466009/
              AJAY (agra/CNRB000 511218466009        10000.00                  328149.95Dr
  22-04-2025  IMPS/511218466009/
              AJAY (agra/CNRB000 511218466009            5.00                  328154.95Dr
  22-04-2025  IMPS/511218466009/
              AJAY (agra/CNRB000 511218466009            0.90                  328155.85Dr
  24-04-2025  IMPS/511415672633/
              AMAN VERMA/SBIN001 511415672633        15500.00                  343655.85Dr
  24-04-2025  IMPS/511415672633/
              AMAN VERMA/SBIN001 511415672633            5.00                  343660.85Dr
  24-04-2025  IMPS/511415672633/
              AMAN VERMA/SBIN001 511415672633            0.90                  343661.75Dr
  25-04-2025  IMPS/511513791360/
              Goel Trade/PUNB014 511513791360         9800.00                  353461.75Dr
  25-04-2025  IMPS/511513791360/
              Goel Trade/PUNB014 511513791360            5.00                  353466.75Dr
  25-04-2025  IMPS/511513791360/
              Goel Trade/PUNB014 511513791360            0.90                  353467.65Dr
  25-04-2025  IMPS/511513792176/
              Shaista (S/UTIB000 511513792176        25000.00                  378467.65Dr
  25-04-2025  IMPS/511513792176/
              Shaista (S/UTIB000 511513792176            5.00                  378472.65Dr
  25-04-2025  IMPS/511513792176/
              Shaista (S/UTIB000 511513792176            0.90                  378473.55Dr
  25-04-2025  IMPS/511516821088/
              POONAM DEV/PUNB001 511516821088        10000.00                  388473.55Dr
  25-04-2025  IMPS/511516821088/
              POONAM DEV/PUNB001 511516821088            5.00                  388478.55Dr
  25-04-2025  IMPS/511516821088/
              POONAM DEV/PUNB001 511516821088            0.90                  388479.45Dr
  25-04-2025  IMPS/511516824520/
              RAFIQ UDDI/SBIN000 511516824520        25400.00                  413879.45Dr
  25-04-2025  IMPS/511516824520/
              RAFIQ UDDI/SBIN000 511516824520            5.00                  413884.45Dr
  25-04-2025  IMPS/511516824520/
              RAFIQ UDDI/SBIN000 511516824520            0.90                  413885.35Dr
  26-04-2025  IMPS/511612915156/
              PRINCE (Ch/BARB0AG 511612915156        10000.00                  423885.35Dr
  26-04-2025  IMPS/511612915156/
              PRINCE (Ch/BARB0AG 511612915156            5.00                  423890.35Dr
  26-04-2025  IMPS/511612915156/
              PRINCE (Ch/BARB0AG 511612915156            0.90                  423891.25Dr
  28-04-2025  IMPS/511814164709/
              Gee Kay En/PUNB066 511814164709         9153.00                  433044.25Dr
  28-04-2025  IMPS/511814164709/
              Gee Kay En/PUNB066 511814164709            5.00                  433049.25Dr
  28-04-2025  IMPS/511814164709/
              Gee Kay En/PUNB066 511814164709            0.90                  433050.15Dr
  28-04-2025  TRTR/103912451690/
              TARUN SHARMA/HDFC/ HDFC0002517/                      600.00      432450.15Dr
  28-04-2025  MBANK/511816182978
              /KASHISH GUPTA S/O 511816182978        15000.00                  447450.15Dr
  29-04-2025  BY CLG/ZN OB11/SET
                   5                                             11800.00      435650.15Dr
  29-04-2025  BHARAT BHUSHAN                                      7000.00      428650.15Dr
  29-04-2025  IMPS/511917391513/
              POONAM DEV/PUNB001 511917391513         5000.00                  433650.15Dr
  29-04-2025  IMPS/511917391513/
              POONAM DEV/PUNB001 511917391513            5.00                  433655.15Dr
  29-04-2025  IMPS/511917391513/
              POONAM DEV/PUNB001 511917391513            0.90                  433656.05Dr
  30-04-2025  3802020100000125:I
              nt.Coll:01-04-2025                      4841.95                  438498.00Dr
  30-04-2025  IMPS/512014541145/
              PRINCE (Ch/BARB0AG 512014541145        10000.00                  448498.00Dr
  30-04-2025  IMPS/512014541145/
              PRINCE (Ch/BARB0AG 512014541145            5.00                  448503.00Dr
  30-04-2025  IMPS/512014541145/
              PRINCE (Ch/BARB0AG 512014541145            0.90                  448503.90Dr
  30-04-2025  IMPS/512014541486/
              AMAN VERMA/SBIN001 512014541486        10000.00                  458503.90Dr
  30-04-2025  IMPS/512014541486/
              AMAN VERMA/SBIN001 512014541486            5.00                  458508.90Dr
  30-04-2025  IMPS/512014541486/
              AMAN VERMA/SBIN001 512014541486            0.90                  458509.80Dr
  30-04-2025  IMPS/512017568767/
              POONAM DEV/PUNB001 512017568767         8000.00                  466509.80Dr
  30-04-2025  IMPS/512017568767/
              POONAM DEV/PUNB001 512017568767            5.00                  466514.80Dr
  30-04-2025  IMPS/512017568767/
              POONAM DEV/PUNB001 512017568767            0.90                  466515.70Dr
  02-05-2025  CASH                                               50000.00      416515.70Dr
  03-05-2025  BY CLG/ZN OB11/SET
                   1                                             10000.00      406515.70Dr
  03-05-2025  BY CLG/ZN OB11/SET
                   2                                              4000.00      402515.70Dr
  05-05-2025  CHANDAN LEATHER LA
              ND                                                 10000.00      392515.70Dr
  05-05-2025  IMPS/512517355079/
              PRINCE (Ch/BARB0AG 512517355079        10000.00                  402515.70Dr
  05-05-2025  IMPS/512517355079/
              PRINCE (Ch/BARB0AG 512517355079            5.00                  402520.70Dr
  05-05-2025  IMPS/512517355079/
              PRINCE (Ch/BARB0AG 512517355079            0.90                  402521.60Dr
  05-05-2025  IMPS/512519376082/
              Tarannum (/UTIB000 512519376082        20000.00                  422521.60Dr
  05-05-2025  IMPS/512519376082/
              Tarannum (/UTIB000 512519376082            5.00                  422526.60Dr
  05-05-2025  IMPS/512519376082/
              Tarannum (/UTIB000 512519376082            0.90                  422527.50Dr
  06-05-2025  IMPS/512613459647/
              PRINCE (Ch/BARB0AG 512613459647         6000.00                  428527.50Dr
  06-05-2025  IMPS/512613459647/
              PRINCE (Ch/BARB0AG 512613459647            5.00                  428532.50Dr
  06-05-2025  IMPS/512613459647/
              PRINCE (Ch/BARB0AG 512613459647            0.90                  428533.40Dr
  07-05-2025  MBANK/512713601178
              /07-05-2025 13:14: 512713601178         7000.00                  435533.40Dr
  07-05-2025  MBANK/512713601817
              /07-05-2025 13:18: 512713601817         2000.00                  437533.40Dr
  08-05-2025  TRTR/104477522146/
              PRITIYA NAND SA/HD HDFC0002758/                      600.00      436933.40Dr
  08-05-2025  MBANK/512818763678
              /KASHISH GUPTA S/O 512818763678        78300.00                  515233.40Dr
  09-05-2025  IMPS/512912296372/
              GUPTA ENTE/JAKA0AP IMPS                            73000.00      442233.40Dr
  09-05-2025  IMPS/512913835459/
              KUSHMA ENT/BKID000 512913835459         7200.00                  449433.40Dr
  09-05-2025  IMPS/512913835459/
              KUSHMA ENT/BKID000 512913835459            5.00                  449438.40Dr
  09-05-2025  IMPS/512913835459/
              KUSHMA ENT/BKID000 512913835459            0.90                  449439.30Dr
  09-05-2025  IMPS/512918880738/
              TARANNUM (/UTIB000 512918880738        10000.00                  459439.30Dr
  09-05-2025  IMPS/512918880738/
              TARANNUM (/UTIB000 512918880738            5.00                  459444.30Dr
  09-05-2025  IMPS/512918880738/
              TARANNUM (/UTIB000 512918880738            0.90                  459445.20Dr
  09-05-2025  MBANK/512918880874
              /KASHISH GUPTA S/O 512918880874        25000.00                  484445.20Dr
  10-05-2025  IMPS/513011922849/
              AJAY (agra/CNRB000 513011922849         4000.00                  488445.20Dr
  10-05-2025  IMPS/513011922849/
              AJAY (agra/CNRB000 513011922849            5.00                  488450.20Dr
  10-05-2025  IMPS/513011922849/
              AJAY (agra/CNRB000 513011922849            0.90                  488451.10Dr
  10-05-2025  IMPS/513013936135/
              PRINCE (Ch/BARB0AG 513013936135        10000.00                  498451.10Dr
  10-05-2025  IMPS/513013936135/
              PRINCE (Ch/BARB0AG 513013936135            5.00                  498456.10Dr
  10-05-2025  IMPS/513013936135/
              PRINCE (Ch/BARB0AG 513013936135            0.90                  498457.00Dr
  10-05-2025  IMPS/513015947790/
              RAFIQ UDDI/SBIN000 513015947790        15000.00                  513457.00Dr
  10-05-2025  IMPS/513015947790/
              RAFIQ UDDI/SBIN000 513015947790            5.00                  513462.00Dr
  10-05-2025  IMPS/513015947790/
              RAFIQ UDDI/SBIN000 513015947790            0.90                  513462.90Dr
  11-05-2025  IMPS/513117031890/
              AMAN VERMA/SBIN001 513117031890         8500.00                  521962.90Dr
  11-05-2025  IMPS/513117031890/
              AMAN VERMA/SBIN001 513117031890            5.00                  521967.90Dr
  11-05-2025  IMPS/513117031890/
              AMAN VERMA/SBIN001 513117031890            0.90                  521968.80Dr
  12-05-2025  TRTR/549883288354/
              KASHISH GUPTA/ICIC ICIC0002545/                      200.00      521768.80Dr
  12-05-2025  IMPS/513219137334/
              PRINCE (Ch/BARB0AG 513219137334         4600.00                  526368.80Dr
  12-05-2025  IMPS/513219137334/
              PRINCE (Ch/BARB0AG 513219137334            5.00                  526373.80Dr
  12-05-2025  IMPS/513219137334/
              PRINCE (Ch/BARB0AG 513219137334            0.90                  526374.70Dr
  13-05-2025  CASH                                               37000.00      489374.70Dr
  13-05-2025  IMPS/513312199886/
              AJAY (agra/CNRB000 513312199886         8000.00                  497374.70Dr
  13-05-2025  IMPS/513312199886/
              AJAY (agra/CNRB000 513312199886            5.00                  497379.70Dr
  13-05-2025  IMPS/513312199886/
              AJAY (agra/CNRB000 513312199886            0.90                  497380.60Dr
  13-05-2025  IMPS/513312200180/
              RAFIQ UDDI/SBIN000 513312200180        10400.00                  507780.60Dr
  13-05-2025  IMPS/513312200180/
              RAFIQ UDDI/SBIN000 513312200180            5.00                  507785.60Dr
  13-05-2025  IMPS/513312200180/
              RAFIQ UDDI/SBIN000 513312200180            0.90                  507786.50Dr
  13-05-2025  IMPS/513314220065/
              POONAM DEV/PUNB001 513314220065        12700.00                  520486.50Dr
  13-05-2025  IMPS/513314220065/
              POONAM DEV/PUNB001 513314220065            5.00                  520491.50Dr
  13-05-2025  IMPS/513314220065/
              POONAM DEV/PUNB001 513314220065            0.90                  520492.40Dr
  14-05-2025  IMPS/513413353992/
              KUSHMA ENT/BKID000 513413353992        20000.00                  540492.40Dr
  14-05-2025  IMPS/513413353992/
              KUSHMA ENT/BKID000 513413353992            5.00                  540497.40Dr
  14-05-2025  IMPS/513413353992/
              KUSHMA ENT/BKID000 513413353992            0.90                  540498.30Dr
  15-05-2025  IMPS/513512479046/
              TARANNUM (/UTIB000 513512479046        30000.00                  570498.30Dr
  15-05-2025  IMPS/513512479046/
              TARANNUM (/UTIB000 513512479046            5.00                  570503.30Dr
  15-05-2025  IMPS/513512479046/
              TARANNUM (/UTIB000 513512479046            0.90                  570504.20Dr
  16-05-2025  IMPS/513613635688/
              PRINCE (Ch/BARB0AG 513613635688        10000.00                  580504.20Dr
  16-05-2025  IMPS/513613635688/
              PRINCE (Ch/BARB0AG 513613635688            5.00                  580509.20Dr
  16-05-2025  IMPS/513613635688/
              PRINCE (Ch/BARB0AG 513613635688            0.90                  580510.10Dr
  17-05-2025  IMPS/513717809245/
              VINOD KUMA/JAKA0TO 513717809245         7000.00                  587510.10Dr
  17-05-2025  IMPS/513717809245/
              VINOD KUMA/JAKA0TO 513717809245            5.00                  587515.10Dr
  17-05-2025  IMPS/513717809245/
              VINOD KUMA/JAKA0TO 513717809245            0.90                  587516.00Dr
  17-05-2025  IMPS/513717812428/
              RAFIQ UDDI/SBIN000 513717812428        10000.00                  597516.00Dr
  17-05-2025  IMPS/513717812428/
              RAFIQ UDDI/SBIN000 513717812428            5.00                  597521.00Dr
  17-05-2025  IMPS/513717812428/
              RAFIQ UDDI/SBIN000 513717812428            0.90                  597521.90Dr
  19-05-2025  TRTR/105066857448/
              MOHD ASHRAF/HDFC/X HDFC0002775/                      900.00      596621.90Dr
  22-05-2025  CASH                                               95000.00      501621.90Dr
  23-05-2025  CHANDAN LEATHER LA
              ND                                                  8000.00      493621.90Dr
  26-05-2025  IMPS/514617950831/
              POONAM DEV/PUNB001 514617950831         3000.00                  496621.90Dr
  26-05-2025  IMPS/514617950831/
              POONAM DEV/PUNB001 514617950831            5.00                  496626.90Dr
  26-05-2025  IMPS/514617950831/
              POONAM DEV/PUNB001 514617950831            0.90                  496627.80Dr
  27-05-2025  IMPS/514712051550/
              PRINCE (Ch/BARB0AG 514712051550         6000.00                  502627.80Dr
  27-05-2025  IMPS/514712051550/
              PRINCE (Ch/BARB0AG 514712051550            5.00                  502632.80Dr
  27-05-2025  IMPS/514712051550/
              PRINCE (Ch/BARB0AG 514712051550            0.90                  502633.70Dr
  28-05-2025  IMPS/514812189582/
              RAFIQ UDDI/SBIN000 514812189582        13400.00                  516033.70Dr
  28-05-2025  IMPS/514812189582/
              RAFIQ UDDI/SBIN000 514812189582            5.00                  516038.70Dr
  28-05-2025  IMPS/514812189582/
              RAFIQ UDDI/SBIN000 514812189582            0.90                  516039.60Dr
  28-05-2025  IMPS/514819263616/
              POONAM DEV/PUNB001 514819263616         6000.00                  522039.60Dr
  28-05-2025  IMPS/514819263616/
              POONAM DEV/PUNB001 514819263616            5.00                  522044.60Dr
  28-05-2025  IMPS/514819263616/
              POONAM DEV/PUNB001 514819263616            0.90                  522045.50Dr
  29-05-2025  BHARAT BHUSHAN & S
              ONS                                                 5000.00      517045.50Dr
  30-05-2025  IMPS/515015532259/
              GOEL TRADE/PUNB014 515015532259        20000.00                  537045.50Dr
  30-05-2025  IMPS/515015532259/
              GOEL TRADE/PUNB014 515015532259            5.00                  537050.50Dr
  30-05-2025  IMPS/515015532259/
              GOEL TRADE/PUNB014 515015532259            0.90                  537051.40Dr
  31-05-2025  3802020100000125:I
              nt.Coll:01-05-2025                      5582.98                  542634.38Dr
  31-05-2025  IMPS/515114680731/
              POONAM DEV/PUNB001 515114680731        10000.00                  552634.38Dr
  31-05-2025  IMPS/515114680731/
              POONAM DEV/PUNB001 515114680731            5.00                  552639.38Dr
  31-05-2025  IMPS/515114680731/
              POONAM DEV/PUNB001 515114680731            0.90                  552640.28Dr
  31-05-2025  IMPS/515116701325/
              PRINCE (Ch/BARB0AG 515116701325        10000.00                  562640.28Dr
  31-05-2025  IMPS/515116701325/
              PRINCE (Ch/BARB0AG 515116701325            5.00                  562645.28Dr
  31-05-2025  IMPS/515116701325/
              PRINCE (Ch/BARB0AG 515116701325            0.90                  562646.18Dr
  31-05-2025  MBANK/515120740827
              /KASHISH GUPTA S/O 515120740827         2000.00                  564646.18Dr
  01-06-2025  MBANK/515208771761
              /01-06-2025 08:21: 515208771761         8000.00                  572646.18Dr
  02-06-2025  MBANK/515316973938
              /KASHISH GUPTA S/O 515316973938         1180.00                  573826.18Dr
  02-06-2025  IMPS/515317976005/
              POONAM DEV/PUNB001 515317976005         3000.00                  576826.18Dr
  02-06-2025  IMPS/515317976005/
              POONAM DEV/PUNB001 515317976005            5.00                  576831.18Dr
  02-06-2025  IMPS/515317976005/
              POONAM DEV/PUNB001 515317976005            0.90                  576832.08Dr
  05-06-2025  CASH                                              100000.00      476832.08Dr
  05-06-2025  IMPS/515620972771/
              GUPTA ENTE/JAKA0AP IMPS                             4900.00      471932.08Dr
  05-06-2025  IMPS/515620474798/
              KUSHMA ENT/BKID000 515620474798        25000.00                  496932.08Dr
  05-06-2025  IMPS/515620474798/
              KUSHMA ENT/BKID000 515620474798            5.00                  496937.08Dr
  05-06-2025  IMPS/515620474798/
              KUSHMA ENT/BKID000 515620474798            0.90                  496937.98Dr
  05-06-2025  IMPS/515620475141/
              PRINCE (Ch/BARB0AG 515620475141        11200.00                  508137.98Dr
  05-06-2025  IMPS/515620475141/
              PRINCE (Ch/BARB0AG 515620475141            5.00                  508142.98Dr
  05-06-2025  IMPS/515620475141/
              PRINCE (Ch/BARB0AG 515620475141            0.90                  508143.88Dr
  06-06-2025  IMPS/515712548683/
              POONAM DEV/PUNB001 515712548683        10000.00                  518143.88Dr
  06-06-2025  IMPS/515712548683/
              POONAM DEV/PUNB001 515712548683            5.00                  518148.88Dr
  06-06-2025  IMPS/515712548683/
              POONAM DEV/PUNB001 515712548683            0.90                  518149.78Dr
  07-06-2025  IMPS/515811688343/
              POONAM DEV/PUNB001 515811688343        10000.00                  528149.78Dr
  07-06-2025  IMPS/515811688343/
              POONAM DEV/PUNB001 515811688343            5.00                  528154.78Dr
  07-06-2025  IMPS/515811688343/
              POONAM DEV/PUNB001 515811688343            0.90                  528155.68Dr
  07-06-2025  MBANK/515813701621
              /KASHISH GUPTA S/O 515813701621        72500.00                  600655.68Dr
  07-06-2025  IMPS/515819732696/
              POONAM DEV/PUNB001 515819732696         6000.00                  606655.68Dr
  07-06-2025  IMPS/515819732696/
              POONAM DEV/PUNB001 515819732696            5.00                  606660.68Dr
  07-06-2025  IMPS/515819732696/
              POONAM DEV/PUNB001 515819732696            0.90                  606661.58Dr
  08-06-2025  IMPS/515910034903/
              GUPTA ENTE/JAKA0AP IMPS                            58500.00      548161.58Dr
  09-06-2025  MBANK/516017938569
              /KASHISH GUPTA S/O 516017938569        24800.00                  572961.58Dr
  10-06-2025  BY CLG                                             10000.00      562961.58Dr
  12-06-2025  IMPS/516319373871/
              PRINCE (Ch/BARB0AG 516319373871         8000.00                  570961.58Dr
  12-06-2025  IMPS/516319373871/
              PRINCE (Ch/BARB0AG 516319373871            5.00                  570966.58Dr
  12-06-2025  IMPS/516319373871/
              PRINCE (Ch/BARB0AG 516319373871            0.90                  570967.48Dr
  13-06-2025  BY CLG                                             10000.00      560967.48Dr
  13-06-2025  TRTR/516400859635/
              BHATTI COLLECTI/JA JAKA0PALMAA/                    10550.00      550417.48Dr
  13-06-2025  IMPS/516419502371/
              GOEL TRADE/PUNB014 516419502371         6700.00                  557117.48Dr
  13-06-2025  IMPS/516419502371/
              GOEL TRADE/PUNB014 516419502371            5.00                  557122.48Dr
  13-06-2025  IMPS/516419502371/
              GOEL TRADE/PUNB014 516419502371            0.90                  557123.38Dr
  14-06-2025  IMPS/516515584555/
              PRINCE (Ch/BARB0AG 516515584555         7000.00                  564123.38Dr
  14-06-2025  IMPS/516515584555/
              PRINCE (Ch/BARB0AG 516515584555            5.00                  564128.38Dr
  14-06-2025  IMPS/516515584555/
              PRINCE (Ch/BARB0AG 516515584555            0.90                  564129.28Dr
  15-06-2025  IMPS/516519616029/
              AMAN VERMA/SBIN001 516519616029        20000.00                  584129.28Dr
  15-06-2025  IMPS/516519616029/
              AMAN VERMA/SBIN001 516519616029            5.00                  584134.28Dr
  15-06-2025  IMPS/516519616029/
              AMAN VERMA/SBIN001 516519616029            0.90                  584135.18Dr
  15-06-2025  IMPS/516520619204/
              POONAM DEV/PUNB001 516520619204        10000.00                  594135.18Dr
  15-06-2025  IMPS/516520619204/
              POONAM DEV/PUNB001 516520619204            5.00                  594140.18Dr
  15-06-2025  IMPS/516520619204/
              POONAM DEV/PUNB001 516520619204            0.90                  594141.08Dr
  16-06-2025  IMPS/516715805429/
              POONAM DEV/PUNB001 516715805429         3000.00                  597141.08Dr
  16-06-2025  IMPS/516715805429/
              POONAM DEV/PUNB001 516715805429            5.00                  597146.08Dr
  16-06-2025  IMPS/516715805429/
              POONAM DEV/PUNB001 516715805429            0.90                  597146.98Dr
  16-06-2025  IMPS/516720850276/
              PRINCE (Ch/BARB0AG 516720850276         3000.00                  600146.98Dr
  16-06-2025  IMPS/516720850276/
              PRINCE (Ch/BARB0AG 516720850276            5.00                  600151.98Dr
  16-06-2025  IMPS/516720850276/
              PRINCE (Ch/BARB0AG 516720850276            0.90                  600152.88Dr
  17-06-2025  MBANK/516811893779
              /KASHISH GUPTA S/O 516811893779        15000.00                  615152.88Dr
  19-06-2025  CASH                                              100000.00      515152.88Dr
  19-06-2025  BY 307002010-91                                    10000.00      505152.88Dr
  20-06-2025  IMPS/517117359343/
              PRINCE (Ch/BARB0AG 517117359343         3000.00                  508152.88Dr
  20-06-2025  IMPS/517117359343/
              PRINCE (Ch/BARB0AG 517117359343            5.00                  508157.88Dr
  20-06-2025  IMPS/517117359343/
              PRINCE (Ch/BARB0AG 517117359343            0.90                  508158.78Dr
  27-06-2025  IMPS/517819320369/
              POONAM DEV/PUNB001 517819320369        13000.00                  521158.78Dr
  27-06-2025  IMPS/517819320369/
              POONAM DEV/PUNB001 517819320369            5.00                  521163.78Dr
  27-06-2025  IMPS/517819320369/
              POONAM DEV/PUNB001 517819320369            0.90                  521164.68Dr
  29-06-2025  MBANK/518011529702
              /KASHISH GUPTA S/O 518011529702        30000.00                  551164.68Dr
  30-06-2025  3802020100000125:I
              nt.Coll:01-06-2025                      5829.73                  556994.41Dr
  01-07-2025  BHARAT BUSHAN AND
              SONS                                                9000.00      547994.41Dr
  07-07-2025  MBANK/518814747300
              /KASHISH GUPTA S/O 518814747300        72500.00                  620494.41Dr
  08-07-2025  CHANDAN LEATHER LA
              ND                                                  5000.00      615494.41Dr
  15-07-2025  TRTR/108150700457/
              SUSHIL GUPTA/HDFC/ HDFC0002758/                      500.00      614994.41Dr
  15-07-2025  IMPS/519619904003/
              AJAY (agra/CNRB000 519619904003         6200.00                  621194.41Dr
  15-07-2025  IMPS/519619904003/
              AJAY (agra/CNRB000 519619904003            5.00                  621199.41Dr
  15-07-2025  IMPS/519619904003/
              AJAY (agra/CNRB000 519619904003            0.90                  621200.31Dr
  16-07-2025  BHARAT BHUSHAN AND
               SONS                                               9000.00      612200.31Dr
  16-07-2025  MBANK/519717040582
              /M/S MAHAJAN BOOT  519717040582                     5000.00      607200.31Dr
  17-07-2025  R26                                                80000.00      527200.31Dr
  17-07-2025  TRTR/108252053618/
              MONEESH MEHRA/HDFC HDFC0002758/                      450.00      526750.31Dr
  18-07-2025  CLEARING REALIZED
              CHQ 000015                                         10000.00      516750.31Dr
  18-07-2025  MBANK/519913308689
              /18-07-2025 13:39: 519913308689        10000.00                  526750.31Dr
  19-07-2025  IMPS/520019515368/
              AMAN VERMA/SBIN001 520019515368        18600.00                  545350.31Dr
  19-07-2025  IMPS/520019515368/
              AMAN VERMA/SBIN001 520019515368            5.00                  545355.31Dr
  19-07-2025  IMPS/520019515368/
              AMAN VERMA/SBIN001 520019515368            0.90                  545356.21Dr
  20-07-2025  IMPS/520112575519/
              VIKAS (sat/PUNB005 520112575519        10000.00                  555356.21Dr
  20-07-2025  IMPS/520112575519/
              VIKAS (sat/PUNB005 520112575519            5.00                  555361.21Dr
  20-07-2025  IMPS/520112575519/
              VIKAS (sat/PUNB005 520112575519            0.90                  555362.11Dr
  21-07-2025  KASHISH GUPTA     764102               50000.00                  605362.11Dr
  21-07-2025  CLEARING REALIZED
              CHQ 311845                                         20807.00      584555.11Dr
  23-07-2025  IMPS/520413976873/
              AMAN VERMA/SBIN001 520413976873         8160.00                  592715.11Dr
  23-07-2025  IMPS/520413976873/
              AMAN VERMA/SBIN001 520413976873            5.00                  592720.11Dr
  23-07-2025  IMPS/520413976873/
              AMAN VERMA/SBIN001 520413976873            0.90                  592721.01Dr
  24-07-2025  MBANK/520520196132
              /KASHISH GUPTA S/O 520520196132        23000.00                  615721.01Dr
  25-07-2025  MBANK/520613286800
              /KASHISH GUPTA S/O 520613286800         5700.00                  621421.01Dr
  26-07-2025  IMPS/520719288744/
              GUPTA ENTE/JAKA0AP IMPS                            20000.00      601421.01Dr
  26-07-2025  IMPS/520719472676/
              KUSHMA ENT/BKID000 520719472676        20000.00                  621421.01Dr
  26-07-2025  IMPS/520719472676/
              KUSHMA ENT/BKID000 520719472676            5.00                  621426.01Dr
  26-07-2025  IMPS/520719472676/
              KUSHMA ENT/BKID000 520719472676            0.90                  621426.91Dr
  29-07-2025  IMPS/521014818102/
              KUSHMA ENT/BKID000 521014818102        16700.00                  638126.91Dr
  29-07-2025  IMPS/521014818102/
              KUSHMA ENT/BKID000 521014818102            5.00                  638131.91Dr
  29-07-2025  IMPS/521014818102/
              KUSHMA ENT/BKID000 521014818102            0.90                  638132.81Dr
  29-07-2025  TRTR/521073500445/
              MANOJ MEHRA/JAKA/X JAKA0LUXURY/                     1400.00      636732.81Dr
  30-07-2025  MBANK/521122090059
              /30-07-2025 22:16: 521122090059        10000.00                  646732.81Dr
  31-07-2025  3802020100000125:I
              nt.Coll:01-07-2025                      6475.34                  653208.15Dr
  31-07-2025  R6                                                 50000.00      603208.15Dr
  31-07-2025  CHANDAN LEATHER                                     5000.00      598208.15Dr
  31-07-2025  IMPS/521213171323/
              AJAY (agra/CNRB000 521213171323        10000.00                  608208.15Dr
  31-07-2025  IMPS/521213171323/
              AJAY (agra/CNRB000 521213171323            5.00                  608213.15Dr
  31-07-2025  IMPS/521213171323/
              AJAY (agra/CNRB000 521213171323            0.90                  608214.05Dr
  31-07-2025  IMPS/521213171718/
              PRINCE (Ch/BARB0AG 521213171718        15000.00                  623214.05Dr
  31-07-2025  IMPS/521213171718/
              PRINCE (Ch/BARB0AG 521213171718            5.00                  623219.05Dr
  31-07-2025  IMPS/521213171718/
              PRINCE (Ch/BARB0AG 521213171718            0.90                  623219.95Dr
  31-07-2025  IMPS/521216206927/
              Sanu (Sb s/CNRB001 521216206927        25000.00                  648219.95Dr
  31-07-2025  IMPS/521216206927/
              Sanu (Sb s/CNRB001 521216206927            5.00                  648224.95Dr
  31-07-2025  IMPS/521216206927/
              Sanu (Sb s/CNRB001 521216206927            0.90                  648225.85Dr
  01-08-2025  TRTR/109047395434/
              VIKAS  KOUL/HDFC/X HDFC0009293/                      800.00      647425.85Dr
  01-08-2025  TRTR/109048074439/
              VIKAS  KOUL/HDFC/X HDFC0009293/                      800.00      646625.85Dr
  02-08-2025  IMPS/521417582885/
              GOEL TRADE/PUNB014 521417582885        21000.00                  667625.85Dr
  02-08-2025  IMPS/521417582885/
              GOEL TRADE/PUNB014 521417582885            5.00                  667630.85Dr
  02-08-2025  IMPS/521417582885/
              GOEL TRADE/PUNB014 521417582885            0.90                  667631.75Dr
  02-08-2025  IMPS/521420612413/
              POONAM DEV/PUNB001 521420612413         6500.00                  674131.75Dr
  02-08-2025  IMPS/521420612413/
              POONAM DEV/PUNB001 521420612413            5.00                  674136.75Dr
  02-08-2025  IMPS/521420612413/
              POONAM DEV/PUNB001 521420612413            0.90                  674137.65Dr
  03-08-2025  MBANK/521511664215
              /KASHISH GUPTA S/O 521511664215        10000.00                  684137.65Dr
  04-08-2025  MBANK/521612796215
              /KASHISH GUPTA S/O 521612796215        10000.00                  694137.65Dr
  05-08-2025  MBANK/521712947847
              /M S SHIVAAY TRADI 521712947847                    20000.00      674137.65Dr
  05-08-2025  IMPS/521712955130/
              KUSHMA ENT/BKID000 521712955130        20000.00                  694137.65Dr
  05-08-2025  IMPS/521712955130/
              KUSHMA ENT/BKID000 521712955130            5.00                  694142.65Dr
  05-08-2025  IMPS/521712955130/
              KUSHMA ENT/BKID000 521712955130            0.90                  694143.55Dr
  08-08-2025  MBANK/522014446209
              /M S SHIVAAY TRADI 522014446209                    30000.00      664143.55Dr
  08-08-2025  IMPS/522018490120/
              KUSHMA ENT/BKID000 522018490120        25000.00                  689143.55Dr
  08-08-2025  IMPS/522018490120/
              KUSHMA ENT/BKID000 522018490120            5.00                  689148.55Dr
  08-08-2025  IMPS/522018490120/
              KUSHMA ENT/BKID000 522018490120            0.90                  689149.45Dr
  08-08-2025  IMPS/522018494724/
              AJAY (agra/CNRB000 522018494724         5800.00                  694949.45Dr
  08-08-2025  IMPS/522018494724/
              AJAY (agra/CNRB000 522018494724            5.00                  694954.45Dr
  08-08-2025  IMPS/522018494724/
              AJAY (agra/CNRB000 522018494724            0.90                  694955.35Dr
  08-08-2025  TRRR/522018494724/
              08-08-2025 18:50:0                                  5805.90      689149.45Dr
  08-08-2025  IMPS/522018495485/
              AJAY (agra/CNRB000 522018495485         5800.00                  694949.45Dr
  08-08-2025  IMPS/522018495485/
              AJAY (agra/CNRB000 522018495485            5.00                  694954.45Dr
  08-08-2025  IMPS/522018495485/
              AJAY (agra/CNRB000 522018495485            0.90                  694955.35Dr
  08-08-2025  TRRR/522018495485/
              08-08-2025 18:54:0                                  5805.90      689149.45Dr
  08-08-2025  IMPS/522018495713/
              AJAY (agra/CNRB000 522018495713         5800.00                  694949.45Dr
  08-08-2025  IMPS/522018495713/
              AJAY (agra/CNRB000 522018495713            5.00                  694954.45Dr
  08-08-2025  IMPS/522018495713/
              AJAY (agra/CNRB000 522018495713            0.90                  694955.35Dr
  08-08-2025  TRRR/522018495713/
              08-08-2025 18:55:3                                  5805.90      689149.45Dr
  08-08-2025  IMPS/522019496530/
              AJAY (agra/CNRB000 522019496530         5800.00                  694949.45Dr
  08-08-2025  IMPS/522019496530/
              AJAY (agra/CNRB000 522019496530            5.00                  694954.45Dr
  08-08-2025  IMPS/522019496530/
              AJAY (agra/CNRB000 522019496530            0.90                  694955.35Dr
  08-08-2025  TRRR/522019496530/
              08-08-2025 19:00:5                                  5805.90      689149.45Dr
  08-08-2025  IMPS/522019497243/
              AJAY (agra/CNRB000 522019497243         5800.00                  694949.45Dr
  08-08-2025  IMPS/522019497243/
              AJAY (agra/CNRB000 522019497243            5.00                  694954.45Dr
  08-08-2025  IMPS/522019497243/
              AJAY (agra/CNRB000 522019497243            0.90                  694955.35Dr
  08-08-2025  TRRR/522019497243/
              08-08-2025 19:05:4                                  5805.90      689149.45Dr
  08-08-2025  MBANK/522019497429
              /KASHISH GUPTA S/O 522019497429         5800.00                  694949.45Dr
  11-08-2025  CLRNG RELD                                         20000.00      674949.45Dr
  13-08-2025  BHARAT BHUSHAN AND
               SONS                                               7000.00      667949.45Dr
  19-08-2025  MBANK/523115863587
              /MAA KALI TRADING  523115863587                    10700.00      657249.45Dr
  20-08-2025  IMPS/523214004906/
              POONAM DEV/PUNB001 523214004906         1000.00                  658249.45Dr
  20-08-2025  IMPS/523214004906/
              POONAM DEV/PUNB001 523214004906            5.00                  658254.45Dr
  20-08-2025  IMPS/523214004906/
              POONAM DEV/PUNB001 523214004906            0.90                  658255.35Dr
  20-08-2025  IMPS/523215976305/
              SURESH KUM/JAKA0AP IMPS                            45000.00      613255.35Dr
  20-08-2025  IMPS/523216026006/
              PRINCE (Ch/BARB0AG 523216026006        10000.00                  623255.35Dr
  20-08-2025  IMPS/523216026006/
              PRINCE (Ch/BARB0AG 523216026006            5.00                  623260.35Dr
  20-08-2025  IMPS/523216026006/
              PRINCE (Ch/BARB0AG 523216026006            0.90                  623261.25Dr
  21-08-2025  IMPS/523319200943/
              TARANNUM (/UTIB000 523319200943        30000.00                  653261.25Dr
  21-08-2025  IMPS/523319200943/
              TARANNUM (/UTIB000 523319200943            5.00                  653266.25Dr
  21-08-2025  IMPS/523319200943/
              TARANNUM (/UTIB000 523319200943            0.90                  653267.15Dr
  22-08-2025  IMPS/523416320011/
              PRINCE (Ch/BARB0AG 523416320011         6000.00                  659267.15Dr
  22-08-2025  IMPS/523416320011/
              PRINCE (Ch/BARB0AG 523416320011            5.00                  659272.15Dr
  22-08-2025  IMPS/523416320011/
              PRINCE (Ch/BARB0AG 523416320011            0.90                  659273.05Dr
  25-08-2025  BY CLG/ZN OB11/SET
                   4                                             10000.00      649273.05Dr
  27-08-2025  IMPS/523919864459/
              POONAM DEV/PUNB001 523919864459        10000.00                  659273.05Dr
  27-08-2025  IMPS/523919864459/
              POONAM DEV/PUNB001 523919864459            5.00                  659278.05Dr
  27-08-2025  IMPS/523919864459/
              POONAM DEV/PUNB001 523919864459            0.90                  659278.95Dr
  28-08-2025  IMPS/524012932675/
              GOEL TRADE/PUNB014 524012932675        18800.00                  678078.95Dr
  28-08-2025  IMPS/524012932675/
              GOEL TRADE/PUNB014 524012932675            5.00                  678083.95Dr
  28-08-2025  IMPS/524012932675/
              GOEL TRADE/PUNB014 524012932675            0.90                  678084.85Dr
  30-08-2025  R6                                                 50000.00      628084.85Dr
  30-08-2025  IMPS/524218335900/
              KUSHMA ENT/BKID000 524218335900        20800.00                  648884.85Dr
  30-08-2025  IMPS/524218335900/
              KUSHMA ENT/BKID000 524218335900            5.00                  648889.85Dr
  30-08-2025  IMPS/524218335900/
              KUSHMA ENT/BKID000 524218335900            0.90                  648890.75Dr
  31-08-2025  3802020100000125:I
              nt.Coll:01-08-2025                      7302.41                  656193.16Dr
  02-09-2025  MBANK/524511706108
              /KASHISH GUPTA S/O 524511706108        10000.00                  666193.16Dr
  02-09-2025  MBANK/524513733628
              /02-09-2025 13:44: 524513733628        20000.00                  686193.16Dr
  02-09-2025  MBANK/524515757468
              /02-09-2025 15:43: 524515757468         8000.00                  694193.16Dr
  09-09-2025  MBANK/525209658145
              /M S SHIVAAY TRADI 525209658145                    80000.00      614193.16Dr
  09-09-2025  BHARAT BUSHAN AND
              SONS                                                7000.00      607193.16Dr
  09-09-2025  IMPS/525216741063/
              AJAY (agra/CNRB000 525216741063         7000.00                  614193.16Dr
  09-09-2025  IMPS/525216741063/
              AJAY (agra/CNRB000 525216741063            5.00                  614198.16Dr
  09-09-2025  IMPS/525216741063/
              AJAY (agra/CNRB000 525216741063            0.90                  614199.06Dr
  09-09-2025  IMPS/525220772866/
              GUPTA ENTE/JAKA0LI 525220772866         5000.00                  619199.06Dr
  09-09-2025  IMPS/525220772866/
              GUPTA ENTE/JAKA0LI 525220772866            5.00                  619204.06Dr
  09-09-2025  IMPS/525220772866/
              GUPTA ENTE/JAKA0LI 525220772866            0.90                  619204.96Dr
  10-09-2025  CHANDAN LEATHER LA
              ND                                                  5000.00      614204.96Dr
  10-09-2025  MBANK/525318912943
              /M S SHIVAAY TRADI 525318912943                    80000.00      534204.96Dr
  16-09-2025  CHANDAN LEATHER                                     7000.00      527204.96Dr
  16-09-2025  IMPS/525918501012/
              POONAM DEV/PUNB001 525918501012         5700.00                  532904.96Dr
  16-09-2025  IMPS/525918501012/
              POONAM DEV/PUNB001 525918501012            5.00                  532909.96Dr
  16-09-2025  IMPS/525918501012/
              POONAM DEV/PUNB001 525918501012            0.90                  532910.86Dr
  16-09-2025  IMPS/525918503724/
              KUSHMA ENT/BKID000 525918503724        16800.00                  549710.86Dr
  16-09-2025  IMPS/525918503724/
              KUSHMA ENT/BKID000 525918503724            5.00                  549715.86Dr
  16-09-2025  IMPS/525918503724/
              KUSHMA ENT/BKID000 525918503724            0.90                  549716.76Dr
  16-09-2025  IMPS/525918503910/
              PRINCE (Ch/BARB0AG 525918503910        20000.00                  569716.76Dr
  16-09-2025  IMPS/525918503910/
              PRINCE (Ch/BARB0AG 525918503910            5.00                  569721.76Dr
  16-09-2025  IMPS/525918503910/
              PRINCE (Ch/BARB0AG 525918503910            0.90                  569722.66Dr
  18-09-2025  MBANK/526113762297
              /KASHISH GUPTA S/O 526113762297        25000.00                  594722.66Dr
  18-09-2025  IMPS/526117824093/
              KUSHMA ENT/BKID000 526117824093        20000.00                  614722.66Dr
  18-09-2025  IMPS/526117824093/
              KUSHMA ENT/BKID000 526117824093            5.00                  614727.66Dr
  18-09-2025  IMPS/526117824093/
              KUSHMA ENT/BKID000 526117824093            0.90                  614728.56Dr
  20-09-2025  CLEARING REALIZED                                  20000.00      594728.56Dr
  22-09-2025  COMMERCIAL & CONSU
              MER (TRANSUNION &                       2390.00                  597118.56Dr
  24-09-2025  BHARA BHUSHAN AND
              SONS                                                7000.00      590118.56Dr
  24-09-2025  IMPS/526712756722/
              KUSHMA ENT/BKID000 526712756722         5000.00                  595118.56Dr
  24-09-2025  IMPS/526712756722/
              KUSHMA ENT/BKID000 526712756722            5.00                  595123.56Dr
  24-09-2025  IMPS/526712756722/
              KUSHMA ENT/BKID000 526712756722            0.90                  595124.46Dr
  25-09-2025  R10                                                43000.00      552124.46Dr
  25-09-2025  IMPS/526814991710/
              KUSHMA ENT/BKID000 526814991710        20000.00                  572124.46Dr
  25-09-2025  IMPS/526814991710/
              KUSHMA ENT/BKID000 526814991710            5.00                  572129.46Dr
  25-09-2025  IMPS/526814991710/
              KUSHMA ENT/BKID000 526814991710            0.90                  572130.36Dr
  25-09-2025  IMPS/526817034250/
              PRINCE (Ch/BARB0AG 526817034250        30000.00                  602130.36Dr
  25-09-2025  IMPS/526817034250/
              PRINCE (Ch/BARB0AG 526817034250            5.00                  602135.36Dr
  25-09-2025  IMPS/526817034250/
              PRINCE (Ch/BARB0AG 526817034250            0.90                  602136.26Dr
  29-09-2025  IMPS/527210689666/
              GUPTA ENTE/JAKA0LI 527210689666        10000.00                  612136.26Dr
  29-09-2025  IMPS/527210689666/
              GUPTA ENTE/JAKA0LI 527210689666            5.00                  612141.26Dr
  29-09-2025  IMPS/527210689666/
              GUPTA ENTE/JAKA0LI 527210689666            0.90                  612142.16Dr
  30-09-2025  3802020100000125:I
              nt.Coll:01-09-2025                      6449.83                  618591.99Dr
  30-09-2025  IMPS/527308940077/
              GUPTA ENTE/JAKA0LI 527308940077         9000.00                  627591.99Dr
  30-09-2025  IMPS/527308940077/
              GUPTA ENTE/JAKA0LI 527308940077            5.00                  627596.99Dr
  30-09-2025  IMPS/527308940077/
              GUPTA ENTE/JAKA0LI 527308940077            0.90                  627597.89Dr
  30-09-2025  CHANDAN LEATHER                                     5000.00      622597.89Dr
  30-09-2025  IMPS/527317095690/
              GUPTA ENTE/JAKA0LI 527317095690         6000.00                  628597.89Dr
  30-09-2025  IMPS/527317095690/
              GUPTA ENTE/JAKA0LI 527317095690            5.00                  628602.89Dr
  30-09-2025  IMPS/527317095690/
              GUPTA ENTE/JAKA0LI 527317095690            0.90                  628603.79Dr
  01-10-2025  CLEARING REALIZED                                  13141.00      615462.79Dr
  01-10-2025  CLEARING REALIZED                                  10000.00      605462.79Dr
  01-10-2025  MBANK/527412248152
              /KASHISH GUPTA S/O 527412248152        15000.00                  620462.79Dr
  03-10-2025  CLEARING REALIZED                                   4425.00      616037.79Dr
  06-10-2025  IMPS/527918366737/
              KUSHMA ENT/BKID000 527918366737         3400.00                  619437.79Dr
  06-10-2025  IMPS/527918366737/
              KUSHMA ENT/BKID000 527918366737            5.00                  619442.79Dr
  06-10-2025  IMPS/527918366737/
              KUSHMA ENT/BKID000 527918366737            0.90                  619443.69Dr
  07-10-2025  IMPS/528019188162/
              GUPTA ENTE/JAKA0AP IMPS                             4500.00      614943.69Dr
  07-10-2025  IMPS/528019616114/
              AJAY (agra/CNRB000 528019616114        10000.00                  624943.69Dr
  07-10-2025  IMPS/528019616114/
              AJAY (agra/CNRB000 528019616114            5.00                  624948.69Dr
  07-10-2025  IMPS/528019616114/
              AJAY (agra/CNRB000 528019616114            0.90                  624949.59Dr
  09-10-2025  R2                                                120000.00      504949.59Dr
  09-10-2025  IMPS/528211917145/
              KUSHMA ENT/BKID000 528211917145        30000.00                  534949.59Dr
  09-10-2025  IMPS/528211917145/
              KUSHMA ENT/BKID000 528211917145            5.00                  534954.59Dr
  09-10-2025  IMPS/528211917145/
              KUSHMA ENT/BKID000 528211917145            0.90                  534955.49Dr
  09-10-2025  IMPS/528211918230/
              PRINCE (Ch/BARB0AG 528211918230        22800.00                  557755.49Dr
  09-10-2025  IMPS/528211918230/
              PRINCE (Ch/BARB0AG 528211918230            5.00                  557760.49Dr
  09-10-2025  IMPS/528211918230/
              PRINCE (Ch/BARB0AG 528211918230            0.90                  557761.39Dr
  09-10-2025  IMPS/528213946946/
              KUSHMA ENT/BKID000 528213946946         5000.00                  562761.39Dr
  09-10-2025  IMPS/528213946946/
              KUSHMA ENT/BKID000 528213946946            5.00                  562766.39Dr
  09-10-2025  IMPS/528213946946/
              KUSHMA ENT/BKID000 528213946946            0.90                  562767.29Dr
  09-10-2025  MBANK/528222052858
              /KASHISH GUPTA S/O 528222052858         2000.00                  564767.29Dr
  10-10-2025  IMPS/528315183173/
              TARANNUM (/UTIB000 528315183173        30000.00                  594767.29Dr
  10-10-2025  IMPS/528315183173/
              TARANNUM (/UTIB000 528315183173            5.00                  594772.29Dr
  10-10-2025  IMPS/528315183173/
              TARANNUM (/UTIB000 528315183173            0.90                  594773.19Dr
  10-10-2025  TRTR/384998310635/
              SHOBH NATH SO J/BK BKID0007906/                     1100.00      593673.19Dr
  11-10-2025  TRTR/528439341419/
              SHUBHAM BAKSHI/JAK JAKA0TOLMAR/                      600.00      593073.19Dr
  11-10-2025  IMPS/528419381927/
              POONAM DEV/PUNB001 528419381927         4600.00                  597673.19Dr
  11-10-2025  IMPS/528419381927/
              POONAM DEV/PUNB001 528419381927            5.00                  597678.19Dr
  11-10-2025  IMPS/528419381927/
              POONAM DEV/PUNB001 528419381927            0.90                  597679.09Dr
  13-10-2025  IMPS/528616649090/
              KUSHMA ENT/BKID000 528616649090        10000.00                  607679.09Dr
  13-10-2025  IMPS/528616649090/
              KUSHMA ENT/BKID000 528616649090            5.00                  607684.09Dr
  13-10-2025  IMPS/528616649090/
              KUSHMA ENT/BKID000 528616649090            0.90                  607684.99Dr
  14-10-2025  IMPS/528714822286/
              POONAM DEV/PUNB001 528714822286         5000.00                  612684.99Dr
  14-10-2025  IMPS/528714822286/
              POONAM DEV/PUNB001 528714822286            5.00                  612689.99Dr
  14-10-2025  IMPS/528714822286/
              POONAM DEV/PUNB001 528714822286            0.90                  612690.89Dr
  16-10-2025  CLEARING REALIZED                                  20000.00      592690.89Dr
  16-10-2025  IMPS/528913222162/
              PRINCE (Ch/BARB0AG 528913222162        20000.00                  612690.89Dr
  16-10-2025  IMPS/528913222162/
              PRINCE (Ch/BARB0AG 528913222162            5.00                  612695.89Dr
  16-10-2025  IMPS/528913222162/
              PRINCE (Ch/BARB0AG 528913222162            0.90                  612696.79Dr
  17-10-2025  IMPS/529018501455/
              GUPTA ENTE/JAKA0LI 529018501455        15000.00                  627696.79Dr
  17-10-2025  IMPS/529018501455/
              GUPTA ENTE/JAKA0LI 529018501455            5.00                  627701.79Dr
  17-10-2025  IMPS/529018501455/
              GUPTA ENTE/JAKA0LI 529018501455            0.90                  627702.69Dr
  18-10-2025  IMPS/529118684773/
              PRINCE (Ch/BARB0AG 529118684773        15000.00                  642702.69Dr
  18-10-2025  IMPS/529118684773/
              PRINCE (Ch/BARB0AG 529118684773            5.00                  642707.69Dr
  18-10-2025  IMPS/529118684773/
              PRINCE (Ch/BARB0AG 529118684773            0.90                  642708.59Dr
  23-10-2025  IMPS/529614454523/
              PRINCE (Ch/BARB0AG 529614454523        20000.00                  662708.59Dr
  23-10-2025  IMPS/529614454523/
              PRINCE (Ch/BARB0AG 529614454523            5.00                  662713.59Dr
  23-10-2025  IMPS/529614454523/
              PRINCE (Ch/BARB0AG 529614454523            0.90                  662714.49Dr
  23-10-2025  R8                                                 60000.00      602714.49Dr
  24-10-2025  IMPS/529711602106/
              TARANNUM (/UTIB000 529711602106        30000.00                  632714.49Dr
  24-10-2025  IMPS/529711602106/
              TARANNUM (/UTIB000 529711602106            5.00                  632719.49Dr
  24-10-2025  IMPS/529711602106/
              TARANNUM (/UTIB000 529711602106            0.90                  632720.39Dr
  24-10-2025  TRTR/529797486132/
              Priyam  ./SBIN/XXX SBIN0010347/                     1000.00      631720.39Dr
  27-10-2025  CHANDAN LEATHER                                     7000.00      624720.39Dr
  30-10-2025  BY CLG/ZN OB11/SET
                   3                                             12285.00      612435.39Dr
  30-10-2025  IMPS/530316735518/
              PRINCE (Ch/BARB0AG 530316735518        10000.00                  622435.39Dr
  30-10-2025  IMPS/530316735518/
              PRINCE (Ch/BARB0AG 530316735518            5.00                  622440.39Dr
  30-10-2025  IMPS/530316735518/
              PRINCE (Ch/BARB0AG 530316735518            0.90                  622441.29Dr
  30-10-2025  IMPS/530321807911/
              POONAM DEV/PUNB001 530321807911         1500.00                  623941.29Dr
  30-10-2025  IMPS/530321807911/
              POONAM DEV/PUNB001 530321807911            5.00                  623946.29Dr
  30-10-2025  IMPS/530321807911/
              POONAM DEV/PUNB001 530321807911            0.90                  623947.19Dr
  31-10-2025  3802020100000125:I
              nt.Coll:01-10-2025                      6769.74                  630716.93Dr
  31-10-2025  IMPS/530417974711/
              AJAY (agra/CNRB000 530417974711         2000.00                  632716.93Dr
  31-10-2025  IMPS/530417974711/
              AJAY (agra/CNRB000 530417974711            5.00                  632721.93Dr
  31-10-2025  IMPS/530417974711/
              AJAY (agra/CNRB000 530417974711            0.90                  632722.83Dr
  31-10-2025  IMPS/530418997854/
              KUSHMA ENT/BKID000 530418997854         7000.00                  639722.83Dr
  31-10-2025  IMPS/530418997854/
              KUSHMA ENT/BKID000 530418997854            5.00                  639727.83Dr
  31-10-2025  IMPS/530418997854/
              KUSHMA ENT/BKID000 530418997854            0.90                  639728.73Dr
  01-11-2025  IMPS/530518207498/
              Muskan Boo/ICIC000 530518207498        10000.00                  649728.73Dr
  01-11-2025  IMPS/530518207498/
              Muskan Boo/ICIC000 530518207498            5.00                  649733.73Dr
  01-11-2025  IMPS/530518207498/
              Muskan Boo/ICIC000 530518207498            0.90                  649734.63Dr
  02-11-2025  IMPS/530610287559/
              KUSHMA ENT/BKID000 530610287559         5000.00                  654734.63Dr
  02-11-2025  IMPS/530610287559/
              KUSHMA ENT/BKID000 530610287559            5.00                  654739.63Dr
  02-11-2025  IMPS/530610287559/
              KUSHMA ENT/BKID000 530610287559            0.90                  654740.53Dr
  02-11-2025  IMPS/530612298988/
              POONAM DEV/PUNB001 530612298988         7500.00                  662240.53Dr
  02-11-2025  IMPS/530612298988/
              POONAM DEV/PUNB001 530612298988            5.00                  662245.53Dr
  02-11-2025  IMPS/530612298988/
              POONAM DEV/PUNB001 530612298988            0.90                  662246.43Dr
  03-11-2025  BHARAT BHUSHAN AND
               SONS                                               5000.00      657246.43Dr
  03-11-2025  IMPS/530720568472/
              Suresh Kum/JAKA0RE 530720568472        37000.00                  694246.43Dr
  03-11-2025  IMPS/530720568472/
              Suresh Kum/JAKA0RE 530720568472            5.00                  694251.43Dr
  03-11-2025  IMPS/530720568472/
              Suresh Kum/JAKA0RE 530720568472            0.90                  694252.33Dr
  04-11-2025  CLRNG RELD                                         10000.00      684252.33Dr
  04-11-2025  IMPS/530814679694/
              KUSHMA ENT/BKID000 530814679694        12700.00                  696952.33Dr
  04-11-2025  IMPS/530814679694/
              KUSHMA ENT/BKID000 530814679694            5.00                  696957.33Dr
  04-11-2025  IMPS/530814679694/
              KUSHMA ENT/BKID000 530814679694            0.90                  696958.23Dr
  04-11-2025  TRTR/567461609158/
              KASHISH GUPTA/ICIC ICIC0002545/                    25000.00      671958.23Dr
  04-11-2025  IMPS/530817722510/
              GUPTA ENTE/JAKA0LI 530817722510        23000.00                  694958.23Dr
  04-11-2025  IMPS/530817722510/
              GUPTA ENTE/JAKA0LI 530817722510            5.00                  694963.23Dr
  04-11-2025  IMPS/530817722510/
              GUPTA ENTE/JAKA0LI 530817722510            0.90                  694964.13Dr
  07-11-2025  BY CLG/ZN OB11/SET
                   6                                             10000.00      684964.13Dr
  08-11-2025  IMPS/531213402431/
              POONAM DEV/PUNB001 531213402431         5000.00                  689964.13Dr
  08-11-2025  IMPS/531213402431/
              POONAM DEV/PUNB001 531213402431            5.00                  689969.13Dr
  08-11-2025  IMPS/531213402431/
              POONAM DEV/PUNB001 531213402431            0.90                  689970.03Dr
  10-11-2025  R30                                               100000.00      589970.03Dr
  10-11-2025  IMPS/531418761688/
              AJAY (agra/CNRB000 531418761688         7000.00                  596970.03Dr
  10-11-2025  IMPS/531418761688/
              AJAY (agra/CNRB000 531418761688            5.00                  596975.03Dr
  10-11-2025  IMPS/531418761688/
              AJAY (agra/CNRB000 531418761688            0.90                  596975.93Dr
  10-11-2025  IMPS/531420781762/
              KUSHMA ENT/BKID000 531420781762         7400.00                  604375.93Dr
  10-11-2025  IMPS/531420781762/
              KUSHMA ENT/BKID000 531420781762            5.00                  604380.93Dr
  10-11-2025  IMPS/531420781762/
              KUSHMA ENT/BKID000 531420781762            0.90                  604381.83Dr
  11-11-2025  MBANK/531507811691
              /11-11-2025 07:59: 531507811691        20000.00                  624381.83Dr
  14-11-2025  IMPS/531811401781/
              KUSHMA ENT/BKID000 531811401781        10000.00                  634381.83Dr
  14-11-2025  IMPS/531811401781/
              KUSHMA ENT/BKID000 531811401781            5.00                  634386.83Dr
  14-11-2025  IMPS/531811401781/
              KUSHMA ENT/BKID000 531811401781            0.90                  634387.73Dr
  14-11-2025  IMPS/531816465382/
              AJAY (agra/CNRB000 531816465382         5000.00                  639387.73Dr
  14-11-2025  IMPS/531816465382/
              AJAY (agra/CNRB000 531816465382            5.00                  639392.73Dr
  14-11-2025  IMPS/531816465382/
              AJAY (agra/CNRB000 531816465382            0.90                  639393.63Dr
  15-11-2025  CLEARING REALIZED
              DATED 14-11-25                                     10000.00      629393.63Dr
